0 verbose cli /usr/bin/node /usr/bin/npm
1 info using npm@10.9.2
2 info using node@v22.13.1
3 silly config load:file:/usr/lib64/node_modules/npm/npmrc
4 silly config load:file:/home/zen/projects/lost-and-found/backend/.npmrc
5 silly config load:file:/home/zen/.config/npmrc
6 silly config load:file:/etc/npm/npmrc
7 verbose title npm install express socket.io dotenv
8 verbose argv "install" "express" "socket.io" "dotenv"
9 verbose logfile logs-max:10 dir:/home/zen/projects/lost-and-found/backend/.cache/npm/_logs/2025-08-01T12_41_20_737Z-
10 verbose logfile /home/zen/projects/lost-and-found/backend/.cache/npm/_logs/2025-08-01T12_41_20_737Z-debug-0.log
11 silly logfile done cleaning log files
12 silly packumentCache heap:2197815296 maxSize:549453824 maxEntrySize:274726912
13 http fetch GET 200 https://registry.npmjs.org/npm 123ms
14 silly idealTree buildDeps
15 silly fetch manifest dotenv@^17.0.1
16 silly packumentCache full:https://registry.npmjs.org/dotenv cache-miss
17 http fetch GET 200 https://registry.npmjs.org/dotenv 43ms (cache miss)
18 silly packumentCache full:https://registry.npmjs.org/dotenv set size:undefined disposed:false
19 silly fetch manifest express@^5.1.0
20 silly packumentCache full:https://registry.npmjs.org/express cache-miss
21 http fetch GET 200 https://registry.npmjs.org/express 43ms (cache miss)
22 silly packumentCache full:https://registry.npmjs.org/express set size:undefined disposed:false
23 silly fetch manifest socket.io@*
24 silly packumentCache full:https://registry.npmjs.org/socket.io cache-miss
25 http fetch GET 200 https://registry.npmjs.org/socket.io 72ms (cache miss)
26 silly packumentCache full:https://registry.npmjs.org/socket.io set size:undefined disposed:false
27 silly placeDep ROOT dotenv@17.2.1 REPLACE for: backend@1.0.0 want: ^17.0.1
28 silly placeDep ROOT express@5.1.0 REPLACE for: backend@1.0.0 want: ^5.1.0
29 silly placeDep ROOT socket.io@4.8.1 OK for: backend@1.0.0 want: *
30 silly fetch manifest qs@^6.14.0
31 silly packumentCache full:https://registry.npmjs.org/qs cache-miss
32 silly fetch manifest etag@^1.8.1
33 silly packumentCache full:https://registry.npmjs.org/etag cache-miss
34 silly fetch manifest once@^1.4.0
35 silly packumentCache full:https://registry.npmjs.org/once cache-miss
36 silly fetch manifest send@^1.1.0
37 silly packumentCache full:https://registry.npmjs.org/send cache-miss
38 silly fetch manifest vary@^1.1.2
39 silly packumentCache full:https://registry.npmjs.org/vary cache-miss
40 silly fetch manifest fresh@^2.0.0
41 silly packumentCache full:https://registry.npmjs.org/fresh cache-miss
42 silly fetch manifest cookie@^0.7.1
43 silly packumentCache full:https://registry.npmjs.org/cookie cache-miss
44 http fetch GET 200 https://registry.npmjs.org/etag 32ms (cache miss)
45 silly packumentCache full:https://registry.npmjs.org/etag set size:undefined disposed:false
46 silly fetch manifest router@^2.2.0
47 silly packumentCache full:https://registry.npmjs.org/router cache-miss
48 http fetch GET 200 https://registry.npmjs.org/router 33ms (cache miss)
49 silly packumentCache full:https://registry.npmjs.org/router set size:undefined disposed:false
50 silly fetch manifest accepts@^2.0.0
51 silly packumentCache full:https://registry.npmjs.org/accepts cache-miss
52 http fetch GET 200 https://registry.npmjs.org/vary 73ms (cache miss)
53 silly packumentCache full:https://registry.npmjs.org/vary set size:undefined disposed:false
54 silly fetch manifest type-is@^2.0.1
55 silly packumentCache full:https://registry.npmjs.org/type-is cache-miss
56 http fetch GET 200 https://registry.npmjs.org/once 79ms (cache miss)
57 silly packumentCache full:https://registry.npmjs.org/once set size:undefined disposed:false
58 silly fetch manifest parseurl@^1.3.3
59 silly packumentCache full:https://registry.npmjs.org/parseurl cache-miss
60 http fetch GET 200 https://registry.npmjs.org/fresh 82ms (cache miss)
61 silly packumentCache full:https://registry.npmjs.org/fresh set size:undefined disposed:false
62 silly fetch manifest statuses@^2.0.1
63 silly packumentCache full:https://registry.npmjs.org/statuses cache-miss
64 http fetch GET 200 https://registry.npmjs.org/send 86ms (cache miss)
65 silly packumentCache full:https://registry.npmjs.org/send set size:undefined disposed:false
66 silly fetch manifest encodeurl@^2.0.0
67 silly packumentCache full:https://registry.npmjs.org/encodeurl cache-miss
68 http fetch GET 200 https://registry.npmjs.org/cookie 87ms (cache miss)
69 silly packumentCache full:https://registry.npmjs.org/cookie set size:undefined disposed:false
70 silly fetch manifest mime-types@^3.0.0
71 silly packumentCache full:https://registry.npmjs.org/mime-types cache-miss
72 http fetch GET 200 https://registry.npmjs.org/qs 91ms (cache miss)
73 silly packumentCache full:https://registry.npmjs.org/qs set size:undefined disposed:false
74 silly fetch manifest proxy-addr@^2.0.7
75 silly packumentCache full:https://registry.npmjs.org/proxy-addr cache-miss
76 http fetch GET 200 https://registry.npmjs.org/accepts 35ms (cache miss)
77 silly packumentCache full:https://registry.npmjs.org/accepts set size:undefined disposed:false
78 silly fetch manifest body-parser@^2.2.0
79 silly packumentCache full:https://registry.npmjs.org/body-parser cache-miss
80 http fetch GET 200 https://registry.npmjs.org/parseurl 33ms (cache miss)
81 silly packumentCache full:https://registry.npmjs.org/parseurl set size:undefined disposed:false
82 silly fetch manifest escape-html@^1.0.3
83 silly packumentCache full:https://registry.npmjs.org/escape-html cache-miss
84 http fetch GET 200 https://registry.npmjs.org/type-is 41ms (cache miss)
85 silly packumentCache full:https://registry.npmjs.org/type-is set size:undefined disposed:false
86 silly fetch manifest http-errors@^2.0.0
87 silly packumentCache full:https://registry.npmjs.org/http-errors cache-miss
88 http fetch GET 200 https://registry.npmjs.org/encodeurl 30ms (cache miss)
89 silly packumentCache full:https://registry.npmjs.org/encodeurl set size:undefined disposed:false
90 silly fetch manifest on-finished@^2.4.1
91 silly packumentCache full:https://registry.npmjs.org/on-finished cache-miss
92 http fetch GET 200 https://registry.npmjs.org/statuses 34ms (cache miss)
93 silly packumentCache full:https://registry.npmjs.org/statuses set size:undefined disposed:false
94 silly fetch manifest content-type@^1.0.5
95 silly packumentCache full:https://registry.npmjs.org/content-type cache-miss
96 http fetch GET 200 https://registry.npmjs.org/mime-types 32ms (cache miss)
97 silly packumentCache full:https://registry.npmjs.org/mime-types set size:undefined disposed:false
98 silly fetch manifest finalhandler@^2.1.0
99 silly packumentCache full:https://registry.npmjs.org/finalhandler cache-miss
100 http fetch GET 200 https://registry.npmjs.org/proxy-addr 31ms (cache miss)
101 silly packumentCache full:https://registry.npmjs.org/proxy-addr set size:undefined disposed:false
102 silly fetch manifest range-parser@^1.2.1
103 silly packumentCache full:https://registry.npmjs.org/range-parser cache-miss
104 http fetch GET 200 https://registry.npmjs.org/body-parser 26ms (cache miss)
105 silly packumentCache full:https://registry.npmjs.org/body-parser set size:undefined disposed:false
106 silly fetch manifest serve-static@^2.2.0
107 silly packumentCache full:https://registry.npmjs.org/serve-static cache-miss
108 http fetch GET 200 https://registry.npmjs.org/on-finished 20ms (cache miss)
109 silly packumentCache full:https://registry.npmjs.org/on-finished set size:undefined disposed:false
110 silly fetch manifest cookie-signature@^1.2.1
111 silly packumentCache full:https://registry.npmjs.org/cookie-signature cache-miss
112 http fetch GET 200 https://registry.npmjs.org/escape-html 31ms (cache miss)
113 silly packumentCache full:https://registry.npmjs.org/escape-html set size:undefined disposed:false
114 silly fetch manifest merge-descriptors@^2.0.0
115 silly packumentCache full:https://registry.npmjs.org/merge-descriptors cache-miss
116 http fetch GET 200 https://registry.npmjs.org/content-type 27ms (cache miss)
117 silly packumentCache full:https://registry.npmjs.org/content-type set size:undefined disposed:false
118 silly fetch manifest content-disposition@^1.0.0
119 silly packumentCache full:https://registry.npmjs.org/content-disposition cache-miss
120 http fetch GET 200 https://registry.npmjs.org/http-errors 37ms (cache miss)
121 silly packumentCache full:https://registry.npmjs.org/http-errors set size:undefined disposed:false
122 silly fetch manifest debug@~4.3.2
123 silly packumentCache full:https://registry.npmjs.org/debug cache-miss
124 http fetch GET 200 https://registry.npmjs.org/finalhandler 31ms (cache miss)
125 silly packumentCache full:https://registry.npmjs.org/finalhandler set size:undefined disposed:false
126 silly fetch manifest accepts@~1.3.4
127 silly packumentCache full:https://registry.npmjs.org/accepts cache-miss
128 http fetch GET 200 https://registry.npmjs.org/range-parser 32ms (cache miss)
129 silly packumentCache full:https://registry.npmjs.org/range-parser set size:undefined disposed:false
130 silly fetch manifest base64id@~2.0.0
131 silly packumentCache full:https://registry.npmjs.org/base64id cache-miss
132 http fetch GET 200 https://registry.npmjs.org/serve-static 27ms (cache miss)
133 silly packumentCache full:https://registry.npmjs.org/serve-static set size:undefined disposed:false
134 silly fetch manifest engine.io@~6.6.0
135 silly packumentCache full:https://registry.npmjs.org/engine.io cache-miss
136 http cache https://registry.npmjs.org/accepts 6ms (cache hit)
137 silly packumentCache full:https://registry.npmjs.org/accepts set size:77054 disposed:false
138 silly fetch manifest socket.io-parser@~4.2.4
139 silly packumentCache full:https://registry.npmjs.org/socket.io-parser cache-miss
140 http fetch GET 200 https://registry.npmjs.org/cookie-signature 29ms (cache miss)
141 silly packumentCache full:https://registry.npmjs.org/cookie-signature set size:undefined disposed:false
142 silly fetch manifest socket.io-adapter@~2.5.2
143 silly packumentCache full:https://registry.npmjs.org/socket.io-adapter cache-miss
144 http fetch GET 200 https://registry.npmjs.org/merge-descriptors 24ms (cache miss)
145 silly packumentCache full:https://registry.npmjs.org/merge-descriptors set size:undefined disposed:false
146 http fetch GET 200 https://registry.npmjs.org/content-disposition 26ms (cache miss)
147 silly packumentCache full:https://registry.npmjs.org/content-disposition set size:undefined disposed:false
148 http fetch GET 200 https://registry.npmjs.org/debug 22ms (cache miss)
149 silly packumentCache full:https://registry.npmjs.org/debug set size:undefined disposed:false
150 http fetch GET 200 https://registry.npmjs.org/base64id 73ms (cache miss)
151 silly packumentCache full:https://registry.npmjs.org/base64id set size:undefined disposed:false
152 http fetch GET 200 https://registry.npmjs.org/socket.io-parser 69ms (cache miss)
153 silly packumentCache full:https://registry.npmjs.org/socket.io-parser set size:undefined disposed:false
154 http fetch GET 200 https://registry.npmjs.org/engine.io 76ms (cache miss)
155 silly packumentCache full:https://registry.npmjs.org/engine.io set size:undefined disposed:false
156 http fetch GET 200 https://registry.npmjs.org/socket.io-adapter 135ms (cache miss)
157 silly packumentCache full:https://registry.npmjs.org/socket.io-adapter set size:undefined disposed:false
158 silly fetch manifest after@0.8.2
159 silly packumentCache full:https://registry.npmjs.org/after cache-miss
160 http fetch GET 200 https://registry.npmjs.org/after 67ms (cache miss)
161 silly packumentCache full:https://registry.npmjs.org/after set size:undefined disposed:false
162 silly fetch manifest eslint@2.13.1
163 silly packumentCache full:https://registry.npmjs.org/eslint cache-miss
164 http fetch GET 200 https://registry.npmjs.org/eslint 48ms (cache miss)
165 silly packumentCache full:https://registry.npmjs.org/eslint set size:undefined disposed:false
166 silly fetch manifest express@4.16.3
167 silly packumentCache full:https://registry.npmjs.org/express cache-miss
168 http cache https://registry.npmjs.org/express 4ms (cache hit)
169 silly packumentCache full:https://registry.npmjs.org/express set size:796198 disposed:false
170 silly fetch manifest mocha@5.2.0
171 silly packumentCache full:https://registry.npmjs.org/mocha cache-miss
172 http fetch GET 200 https://registry.npmjs.org/mocha 176ms (cache miss)
173 silly packumentCache full:https://registry.npmjs.org/mocha set size:undefined disposed:false
174 silly fetch manifest nyc@13.1.0
175 silly packumentCache full:https://registry.npmjs.org/nyc cache-miss
176 http fetch GET 200 https://registry.npmjs.org/nyc 72ms (cache miss)
177 silly packumentCache full:https://registry.npmjs.org/nyc set size:undefined disposed:false
178 silly fetch manifest supertest@3.3.0
179 silly packumentCache full:https://registry.npmjs.org/supertest cache-miss
180 http fetch GET 200 https://registry.npmjs.org/supertest 67ms (cache miss)
181 silly packumentCache full:https://registry.npmjs.org/supertest set size:undefined disposed:false
182 silly placeDep ROOT after@0.8.2 OK for: cors@2.8.5 want: 0.8.2
183 silly placeDep ROOT eslint@2.13.1 OK for: cors@2.8.5 want: 2.13.1
184 silly placeDep node_modules/.pnpm/cors@2.8.5 express@4.16.3 OK for: cors@2.8.5 want: 4.16.3
185 silly placeDep ROOT mocha@5.2.0 OK for: cors@2.8.5 want: 5.2.0
186 silly placeDep ROOT nyc@13.1.0 OK for: cors@2.8.5 want: 13.1.0
187 silly placeDep ROOT supertest@3.3.0 OK for: cors@2.8.5 want: 3.3.0
188 silly fetch manifest glob@^7.0.3
189 silly packumentCache full:https://registry.npmjs.org/glob cache-miss
190 silly fetch manifest levn@^0.3.0
191 silly packumentCache full:https://registry.npmjs.org/levn cache-miss
192 silly fetch manifest chalk@^1.1.3
193 silly packumentCache full:https://registry.npmjs.org/chalk cache-miss
194 silly fetch manifest debug@^2.1.1
195 silly packumentCache full:https://registry.npmjs.org/debug cache-miss
196 silly fetch manifest table@^3.7.8
197 silly packumentCache full:https://registry.npmjs.org/table cache-miss
198 silly fetch manifest escope@^3.6.0
199 silly packumentCache full:https://registry.npmjs.org/escope cache-miss
200 silly fetch manifest espree@^3.1.6
201 silly packumentCache full:https://registry.npmjs.org/espree cache-miss
202 http cache https://registry.npmjs.org/debug 8ms (cache hit)
203 silly packumentCache full:https://registry.npmjs.org/debug set size:193521 disposed:false
204 silly fetch manifest ignore@^3.1.2
205 silly packumentCache full:https://registry.npmjs.org/ignore cache-miss
206 http fetch GET 200 https://registry.npmjs.org/levn 28ms (cache miss)
207 silly packumentCache full:https://registry.npmjs.org/levn set size:undefined disposed:false
208 silly fetch manifest lodash@^4.0.0
209 silly packumentCache full:https://registry.npmjs.org/lodash cache-miss
210 http fetch GET 200 https://registry.npmjs.org/glob 37ms (cache miss)
211 silly packumentCache full:https://registry.npmjs.org/glob set size:undefined disposed:false
212 silly fetch manifest mkdirp@^0.5.0
213 silly packumentCache full:https://registry.npmjs.org/mkdirp cache-miss
214 http fetch GET 200 https://registry.npmjs.org/chalk 42ms (cache miss)
215 silly packumentCache full:https://registry.npmjs.org/chalk set size:undefined disposed:false
216 silly fetch manifest es6-map@^0.1.3
217 silly packumentCache full:https://registry.npmjs.org/es6-map cache-miss
218 http fetch GET 200 https://registry.npmjs.org/espree 54ms (cache miss)
219 silly packumentCache full:https://registry.npmjs.org/espree set size:undefined disposed:false
220 silly fetch manifest esutils@^2.0.2
221 silly packumentCache full:https://registry.npmjs.org/esutils cache-miss
222 http fetch GET 200 https://registry.npmjs.org/ignore 50ms (cache miss)
223 silly packumentCache full:https://registry.npmjs.org/ignore set size:undefined disposed:false
224 silly fetch manifest globals@^9.2.0
225 silly packumentCache full:https://registry.npmjs.org/globals cache-miss
226 http fetch GET 200 https://registry.npmjs.org/lodash 36ms (cache miss)
227 silly packumentCache full:https://registry.npmjs.org/lodash set size:undefined disposed:false
228 silly fetch manifest js-yaml@^3.5.1
229 silly packumentCache full:https://registry.npmjs.org/js-yaml cache-miss
230 http fetch GET 200 https://registry.npmjs.org/escope 76ms (cache miss)
231 silly packumentCache full:https://registry.npmjs.org/escope set size:undefined disposed:false
232 silly fetch manifest shelljs@^0.6.0
233 silly packumentCache full:https://registry.npmjs.org/shelljs cache-miss
234 http fetch GET 200 https://registry.npmjs.org/mkdirp 38ms (cache miss)
235 silly packumentCache full:https://registry.npmjs.org/mkdirp set size:undefined disposed:false
236 silly fetch manifest doctrine@^1.2.2
237 silly packumentCache full:https://registry.npmjs.org/doctrine cache-miss
238 http fetch GET 200 https://registry.npmjs.org/table 83ms (cache miss)
239 silly packumentCache full:https://registry.npmjs.org/table set size:undefined disposed:false
240 silly fetch manifest inquirer@^0.12.0
241 silly packumentCache full:https://registry.npmjs.org/inquirer cache-miss
242 http fetch GET 200 https://registry.npmjs.org/esutils 34ms (cache miss)
243 silly packumentCache full:https://registry.npmjs.org/esutils set size:undefined disposed:false
244 silly fetch manifest progress@^1.1.8
245 silly packumentCache full:https://registry.npmjs.org/progress cache-miss
246 http fetch GET 200 https://registry.npmjs.org/js-yaml 27ms (cache miss)
247 silly packumentCache full:https://registry.npmjs.org/js-yaml set size:undefined disposed:false
248 silly fetch manifest pluralize@^1.2.1
249 silly packumentCache full:https://registry.npmjs.org/pluralize cache-miss
250 http fetch GET 200 https://registry.npmjs.org/globals 34ms (cache miss)
251 silly packumentCache full:https://registry.npmjs.org/globals set size:undefined disposed:false
252 silly fetch manifest user-home@^2.0.0
253 silly packumentCache full:https://registry.npmjs.org/user-home cache-miss
254 http fetch GET 200 https://registry.npmjs.org/doctrine 23ms (cache miss)
255 silly packumentCache full:https://registry.npmjs.org/doctrine set size:undefined disposed:false
256 silly fetch manifest estraverse@^4.2.0
257 silly packumentCache full:https://registry.npmjs.org/estraverse cache-miss
258 http fetch GET 200 https://registry.npmjs.org/es6-map 69ms (cache miss)
259 silly packumentCache full:https://registry.npmjs.org/es6-map set size:undefined disposed:false
260 silly fetch manifest optionator@^0.8.1
261 silly packumentCache full:https://registry.npmjs.org/optionator cache-miss
262 http fetch GET 200 https://registry.npmjs.org/estraverse 19ms (cache miss)
263 silly packumentCache full:https://registry.npmjs.org/estraverse set size:undefined disposed:false
264 silly fetch manifest text-table@~0.2.0
265 silly packumentCache full:https://registry.npmjs.org/text-table cache-miss
266 http fetch GET 200 https://registry.npmjs.org/progress 32ms (cache miss)
267 silly packumentCache full:https://registry.npmjs.org/progress set size:undefined disposed:false
268 silly fetch manifest imurmurhash@^0.1.4
269 silly packumentCache full:https://registry.npmjs.org/imurmurhash cache-miss
270 http fetch GET 200 https://registry.npmjs.org/optionator 23ms (cache miss)
271 silly packumentCache full:https://registry.npmjs.org/optionator set size:undefined disposed:false
272 silly fetch manifest concat-stream@^1.4.6
273 silly packumentCache full:https://registry.npmjs.org/concat-stream cache-miss
274 http fetch GET 200 https://registry.npmjs.org/shelljs 64ms (cache miss)
275 silly packumentCache full:https://registry.npmjs.org/shelljs set size:undefined disposed:false
276 silly fetch manifest is-resolvable@^1.0.0
277 silly packumentCache full:https://registry.npmjs.org/is-resolvable cache-miss
278 http fetch GET 200 https://registry.npmjs.org/inquirer 69ms (cache miss)
279 silly packumentCache full:https://registry.npmjs.org/inquirer set size:undefined disposed:false
280 silly fetch manifest path-is-inside@^1.0.1
281 silly packumentCache full:https://registry.npmjs.org/path-is-inside cache-miss
282 http fetch GET 200 https://registry.npmjs.org/imurmurhash 34ms (cache miss)
283 silly packumentCache full:https://registry.npmjs.org/imurmurhash set size:undefined disposed:false
284 silly fetch manifest file-entry-cache@^1.1.1
285 silly packumentCache full:https://registry.npmjs.org/file-entry-cache cache-miss
286 http fetch GET 200 https://registry.npmjs.org/pluralize 63ms (cache miss)
287 silly packumentCache full:https://registry.npmjs.org/pluralize set size:undefined disposed:false
288 silly fetch manifest is-my-json-valid@^2.10.0
289 silly packumentCache full:https://registry.npmjs.org/is-my-json-valid cache-miss
290 http fetch GET 200 https://registry.npmjs.org/concat-stream 28ms (cache miss)
291 silly packumentCache full:https://registry.npmjs.org/concat-stream set size:undefined disposed:false
292 silly fetch manifest path-is-absolute@^1.0.0
293 silly packumentCache full:https://registry.npmjs.org/path-is-absolute cache-miss
294 http fetch GET 200 https://registry.npmjs.org/user-home 67ms (cache miss)
295 silly packumentCache full:https://registry.npmjs.org/user-home set size:undefined disposed:false
296 silly fetch manifest require-uncached@^1.0.2
297 silly packumentCache full:https://registry.npmjs.org/require-uncached cache-miss
298 http fetch GET 200 https://registry.npmjs.org/text-table 62ms (cache miss)
299 silly packumentCache full:https://registry.npmjs.org/text-table set size:undefined disposed:false
300 silly fetch manifest strip-json-comments@~1.0.1
301 silly packumentCache full:https://registry.npmjs.org/strip-json-comments cache-miss
302 http fetch GET 200 https://registry.npmjs.org/file-entry-cache 29ms (cache miss)
303 silly packumentCache full:https://registry.npmjs.org/file-entry-cache set size:undefined disposed:false
304 silly fetch manifest json-stable-stringify@^1.0.0
305 silly packumentCache full:https://registry.npmjs.org/json-stable-stringify cache-miss
306 http fetch GET 200 https://registry.npmjs.org/is-resolvable 66ms (cache miss)
307 silly packumentCache full:https://registry.npmjs.org/is-resolvable set size:undefined disposed:false
308 silly fetch manifest qs@6.5.1
309 silly packumentCache full:https://registry.npmjs.org/qs cache-miss
310 http fetch GET 200 https://registry.npmjs.org/strip-json-comments 25ms (cache miss)
311 silly packumentCache full:https://registry.npmjs.org/strip-json-comments set size:undefined disposed:false
312 silly fetch manifest depd@~1.1.2
313 silly packumentCache full:https://registry.npmjs.org/depd cache-miss
314 http cache https://registry.npmjs.org/qs 4ms (cache hit)
315 silly packumentCache full:https://registry.npmjs.org/qs set size:264677 disposed:false
316 silly fetch manifest etag@~1.8.1
317 silly packumentCache full:https://registry.npmjs.org/etag cache-miss
318 http cache https://registry.npmjs.org/etag 2ms (cache hit)
319 silly packumentCache full:https://registry.npmjs.org/etag set size:30032 disposed:false
320 silly fetch manifest send@0.16.2
321 silly packumentCache full:https://registry.npmjs.org/send cache-miss
322 http cache https://registry.npmjs.org/send 4ms (cache hit)
323 silly packumentCache full:https://registry.npmjs.org/send set size:147586 disposed:false
324 silly fetch manifest debug@2.6.9
325 silly packumentCache full:https://registry.npmjs.org/debug cache-hit
326 silly fetch manifest fresh@0.5.2
327 silly packumentCache full:https://registry.npmjs.org/fresh cache-miss
328 http fetch GET 200 https://registry.npmjs.org/is-my-json-valid 65ms (cache miss)
329 silly packumentCache full:https://registry.npmjs.org/is-my-json-valid set size:undefined disposed:false
330 silly fetch manifest cookie@0.3.1
331 silly packumentCache full:https://registry.npmjs.org/cookie cache-miss
332 http fetch GET 200 https://registry.npmjs.org/path-is-inside 68ms (cache miss)
333 silly packumentCache full:https://registry.npmjs.org/path-is-inside set size:undefined disposed:false
334 silly fetch manifest accepts@~1.3.5
335 silly packumentCache full:https://registry.npmjs.org/accepts cache-hit
336 silly fetch manifest methods@~1.1.2
337 silly packumentCache full:https://registry.npmjs.org/methods cache-miss
338 http cache https://registry.npmjs.org/fresh 5ms (cache hit)
339 silly packumentCache full:https://registry.npmjs.org/fresh set size:25427 disposed:false
340 silly fetch manifest type-is@~1.6.16
341 silly packumentCache full:https://registry.npmjs.org/type-is cache-miss
342 http fetch GET 200 https://registry.npmjs.org/require-uncached 64ms (cache miss)
343 silly packumentCache full:https://registry.npmjs.org/require-uncached set size:undefined disposed:false
344 silly fetch manifest parseurl@~1.3.2
345 silly packumentCache full:https://registry.npmjs.org/parseurl cache-miss
346 http cache https://registry.npmjs.org/cookie 8ms (cache hit)
347 silly packumentCache full:https://registry.npmjs.org/cookie set size:67180 disposed:false
348 silly fetch manifest statuses@~1.4.0
349 silly packumentCache full:https://registry.npmjs.org/statuses cache-miss
350 http cache https://registry.npmjs.org/type-is 9ms (cache hit)
351 silly packumentCache full:https://registry.npmjs.org/type-is set size:86196 disposed:false
352 silly fetch manifest encodeurl@~1.0.2
353 silly packumentCache full:https://registry.npmjs.org/encodeurl cache-miss
354 http cache https://registry.npmjs.org/parseurl 7ms (cache hit)
355 silly packumentCache full:https://registry.npmjs.org/parseurl set size:24148 disposed:false
356 silly fetch manifest proxy-addr@~2.0.3
357 silly packumentCache full:https://registry.npmjs.org/proxy-addr cache-miss
358 http fetch GET 200 https://registry.npmjs.org/path-is-absolute 75ms (cache miss)
359 silly packumentCache full:https://registry.npmjs.org/path-is-absolute set size:undefined disposed:false
360 silly fetch manifest body-parser@1.18.2
361 silly packumentCache full:https://registry.npmjs.org/body-parser cache-miss
362 http cache https://registry.npmjs.org/statuses 7ms (cache hit)
363 silly packumentCache full:https://registry.npmjs.org/statuses set size:37117 disposed:false
364 silly fetch manifest escape-html@~1.0.3
365 silly packumentCache full:https://registry.npmjs.org/escape-html cache-miss
366 http fetch GET 200 https://registry.npmjs.org/depd 32ms (cache miss)
367 silly packumentCache full:https://registry.npmjs.org/depd set size:undefined disposed:false
368 silly fetch manifest on-finished@~2.3.0
369 silly packumentCache full:https://registry.npmjs.org/on-finished cache-miss
370 http cache https://registry.npmjs.org/encodeurl 5ms (cache hit)
371 silly packumentCache full:https://registry.npmjs.org/encodeurl set size:12296 disposed:false
372 silly fetch manifest safe-buffer@5.1.1
373 silly packumentCache full:https://registry.npmjs.org/safe-buffer cache-miss
374 http cache https://registry.npmjs.org/proxy-addr 6ms (cache hit)
375 silly packumentCache full:https://registry.npmjs.org/proxy-addr set size:61619 disposed:false
376 silly fetch manifest utils-merge@1.0.1
377 silly packumentCache full:https://registry.npmjs.org/utils-merge cache-miss
378 http cache https://registry.npmjs.org/body-parser 9ms (cache hit)
379 silly packumentCache full:https://registry.npmjs.org/body-parser set size:209520 disposed:false
380 silly fetch manifest content-type@~1.0.4
381 silly packumentCache full:https://registry.npmjs.org/content-type cache-miss
382 http cache https://registry.npmjs.org/escape-html 10ms (cache hit)
383 silly packumentCache full:https://registry.npmjs.org/escape-html set size:7345 disposed:false
384 silly fetch manifest finalhandler@1.1.1
385 silly packumentCache full:https://registry.npmjs.org/finalhandler cache-miss
386 http cache https://registry.npmjs.org/on-finished 10ms (cache hit)
387 silly packumentCache full:https://registry.npmjs.org/on-finished set size:23212 disposed:false
388 silly fetch manifest range-parser@~1.2.0
389 silly packumentCache full:https://registry.npmjs.org/range-parser cache-miss
390 http cache https://registry.npmjs.org/content-type 5ms (cache hit)
391 silly packumentCache full:https://registry.npmjs.org/content-type set size:17311 disposed:false
392 silly fetch manifest serve-static@1.13.2
393 silly packumentCache full:https://registry.npmjs.org/serve-static cache-miss
394 http fetch GET 200 https://registry.npmjs.org/json-stable-stringify 66ms (cache miss)
395 silly packumentCache full:https://registry.npmjs.org/json-stable-stringify set size:undefined disposed:false
396 silly fetch manifest array-flatten@1.1.1
397 silly packumentCache full:https://registry.npmjs.org/array-flatten cache-miss
398 http cache https://registry.npmjs.org/finalhandler 5ms (cache hit)
399 silly packumentCache full:https://registry.npmjs.org/finalhandler set size:74406 disposed:false
400 silly fetch manifest path-to-regexp@0.1.7
401 silly packumentCache full:https://registry.npmjs.org/path-to-regexp cache-miss
402 http fetch GET 200 https://registry.npmjs.org/methods 32ms (cache miss)
403 silly packumentCache full:https://registry.npmjs.org/methods set size:undefined disposed:false
404 silly fetch manifest setprototypeof@1.1.0
405 silly packumentCache full:https://registry.npmjs.org/setprototypeof cache-miss
406 http cache https://registry.npmjs.org/range-parser 6ms (cache hit)
407 silly packumentCache full:https://registry.npmjs.org/range-parser set size:22228 disposed:false
408 silly fetch manifest cookie-signature@1.0.6
409 silly packumentCache full:https://registry.npmjs.org/cookie-signature cache-miss
410 http cache https://registry.npmjs.org/serve-static 6ms (cache hit)
411 silly packumentCache full:https://registry.npmjs.org/serve-static set size:145938 disposed:false
412 silly fetch manifest merge-descriptors@1.0.1
413 silly packumentCache full:https://registry.npmjs.org/merge-descriptors cache-miss
414 http cache https://registry.npmjs.org/cookie-signature 3ms (cache hit)
415 silly packumentCache full:https://registry.npmjs.org/cookie-signature set size:21777 disposed:false
416 silly fetch manifest content-disposition@0.5.2
417 silly packumentCache full:https://registry.npmjs.org/content-disposition cache-miss
418 http cache https://registry.npmjs.org/merge-descriptors 2ms (cache hit)
419 silly packumentCache full:https://registry.npmjs.org/merge-descriptors set size:16527 disposed:false
420 silly fetch manifest he@1.1.1
421 silly packumentCache full:https://registry.npmjs.org/he cache-miss
422 http cache https://registry.npmjs.org/content-disposition 3ms (cache hit)
423 silly packumentCache full:https://registry.npmjs.org/content-disposition set size:26893 disposed:false
424 silly fetch manifest diff@3.5.0
425 silly packumentCache full:https://registry.npmjs.org/diff cache-miss
426 http fetch GET 200 https://registry.npmjs.org/utils-merge 25ms (cache miss)
427 silly packumentCache full:https://registry.npmjs.org/utils-merge set size:undefined disposed:false
428 silly fetch manifest glob@7.1.2
429 silly packumentCache full:https://registry.npmjs.org/glob cache-miss
430 http fetch GET 200 https://registry.npmjs.org/safe-buffer 28ms (cache miss)
431 silly packumentCache full:https://registry.npmjs.org/safe-buffer set size:undefined disposed:false
432 silly fetch manifest debug@3.1.0
433 silly packumentCache full:https://registry.npmjs.org/debug cache-hit
434 silly fetch manifest growl@1.10.5
435 silly packumentCache full:https://registry.npmjs.org/growl cache-miss
436 http cache https://registry.npmjs.org/glob 3ms (cache hit)
437 silly packumentCache full:https://registry.npmjs.org/glob set size:408718 disposed:false
438 silly fetch manifest mkdirp@0.5.1
439 silly packumentCache full:https://registry.npmjs.org/mkdirp cache-miss
440 http cache https://registry.npmjs.org/mkdirp 2ms (cache hit)
441 silly packumentCache full:https://registry.npmjs.org/mkdirp set size:116455 disposed:false
442 silly fetch manifest commander@2.15.1
443 silly packumentCache full:https://registry.npmjs.org/commander cache-miss
444 http fetch GET 200 https://registry.npmjs.org/array-flatten 30ms (cache miss)
445 silly packumentCache full:https://registry.npmjs.org/array-flatten set size:undefined disposed:false
446 silly fetch manifest minimatch@3.0.4
447 silly packumentCache full:https://registry.npmjs.org/minimatch cache-miss
448 http fetch GET 200 https://registry.npmjs.org/setprototypeof 29ms (cache miss)
449 silly packumentCache full:https://registry.npmjs.org/setprototypeof set size:undefined disposed:false
450 silly fetch manifest browser-stdout@1.3.1
451 silly packumentCache full:https://registry.npmjs.org/browser-stdout cache-miss
452 http fetch GET 200 https://registry.npmjs.org/path-to-regexp 31ms (cache miss)
453 silly packumentCache full:https://registry.npmjs.org/path-to-regexp set size:undefined disposed:false
454 silly fetch manifest supports-color@5.4.0
455 silly packumentCache full:https://registry.npmjs.org/supports-color cache-miss
456 http fetch GET 200 https://registry.npmjs.org/commander 29ms (cache miss)
457 silly packumentCache full:https://registry.npmjs.org/commander set size:undefined disposed:false
458 silly fetch manifest escape-string-regexp@1.0.5
459 silly packumentCache full:https://registry.npmjs.org/escape-string-regexp cache-miss
460 http fetch GET 200 https://registry.npmjs.org/supports-color 31ms (cache miss)
461 silly packumentCache full:https://registry.npmjs.org/supports-color set size:undefined disposed:false
462 silly fetch manifest istanbul-lib-instrument@^3.0.0
463 silly packumentCache full:https://registry.npmjs.org/istanbul-lib-instrument cache-miss
464 http fetch GET 200 https://registry.npmjs.org/minimatch 37ms (cache miss)
465 silly packumentCache full:https://registry.npmjs.org/minimatch set size:undefined disposed:false
466 silly fetch manifest methods@^1.1.2
467 silly packumentCache full:https://registry.npmjs.org/methods cache-miss
468 http cache https://registry.npmjs.org/methods 2ms (cache hit)
469 silly packumentCache full:https://registry.npmjs.org/methods set size:12600 disposed:false
470 silly fetch manifest superagent@^3.8.3
471 silly packumentCache full:https://registry.npmjs.org/superagent cache-miss
472 http fetch GET 200 https://registry.npmjs.org/he 65ms (cache miss)
473 silly packumentCache full:https://registry.npmjs.org/he set size:undefined disposed:false
474 http fetch GET 200 https://registry.npmjs.org/growl 61ms (cache miss)
475 silly packumentCache full:https://registry.npmjs.org/growl set size:undefined disposed:false
476 http fetch GET 200 https://registry.npmjs.org/escape-string-regexp 23ms (cache miss)
477 silly packumentCache full:https://registry.npmjs.org/escape-string-regexp set size:undefined disposed:false
